<?xml version="1.0" encoding="UTF-8"?>
<testsuite xmlns:xsi="http://www.w3.org/2001/XMLSchema-instance" xsi:noNamespaceSchemaLocation="https://maven.apache.org/surefire/maven-surefire-plugin/xsd/surefire-test-report.xsd" name="com.progressoft.induction.atm.ATMTest" time="0.093" tests="5" errors="0" skipped="0" failures="0">
  <properties>
    <property name="java.specification.version" value="16"/>
    <property name="sun.cpu.isalist" value="amd64"/>
    <property name="sun.jnu.encoding" value="Cp1252"/>
    <property name="java.class.path" value="D:\atm-task\atm-task\target\test-classes;D:\atm-task\atm-task\target\classes;C:\Users\Dell\.m2\repository\org\junit\jupiter\junit-jupiter\5.6.2\junit-jupiter-5.6.2.jar;C:\Users\Dell\.m2\repository\org\junit\jupiter\junit-jupiter-api\5.6.2\junit-jupiter-api-5.6.2.jar;C:\Users\Dell\.m2\repository\org\opentest4j\opentest4j\1.2.0\opentest4j-1.2.0.jar;C:\Users\Dell\.m2\repository\org\junit\platform\junit-platform-commons\1.6.2\junit-platform-commons-1.6.2.jar;C:\Users\Dell\.m2\repository\org\junit\jupiter\junit-jupiter-params\5.6.2\junit-jupiter-params-5.6.2.jar;C:\Users\Dell\.m2\repository\org\junit\jupiter\junit-jupiter-engine\5.6.2\junit-jupiter-engine-5.6.2.jar;C:\Users\Dell\.m2\repository\org\junit\platform\junit-platform-engine\1.6.2\junit-platform-engine-1.6.2.jar;C:\Users\Dell\.m2\repository\junit\junit\4.12\junit-4.12.jar;C:\Users\Dell\.m2\repository\org\hamcrest\hamcrest-core\1.3\hamcrest-core-1.3.jar;C:\Users\Dell\.m2\repository\org\junit\platform\junit-platform-surefire-provider\1.1.0\junit-platform-surefire-provider-1.1.0.jar;C:\Users\Dell\.m2\repository\org\apiguardian\apiguardian-api\1.0.0\apiguardian-api-1.0.0.jar;C:\Users\Dell\.m2\repository\org\junit\platform\junit-platform-launcher\1.1.0\junit-platform-launcher-1.1.0.jar;C:\Users\Dell\.m2\repository\org\apache\maven\surefire\surefire-api\2.19.1\surefire-api-2.19.1.jar;C:\Users\Dell\.m2\repository\org\apache\maven\surefire\common-java5\2.19.1\common-java5-2.19.1.jar;"/>
    <property name="java.vm.vendor" value="Oracle Corporation"/>
    <property name="sun.arch.data.model" value="64"/>
    <property name="user.variant" value=""/>
    <property name="java.vendor.url" value="https://java.oracle.com/"/>
    <property name="user.timezone" value="Asia/Katmandu"/>
    <property name="os.name" value="Windows 10"/>
    <property name="java.vm.specification.version" value="16"/>
    <property name="sun.java.launcher" value="SUN_STANDARD"/>
    <property name="user.country" value="GB"/>
    <property name="sun.boot.library.path" value="C:\Users\Dell\.jdks\openjdk-16.0.1\bin"/>
    <property name="sun.java.command" value="C:\Users\Dell\AppData\Local\Temp\surefire3417686473198216988\surefirebooter11092472844579550525.jar C:\Users\Dell\AppData\Local\Temp\surefire3417686473198216988 2021-08-27T18-04-56_234-jvmRun1 surefire17075401779498336002tmp surefire_018124470576536981912tmp"/>
    <property name="jdk.debug" value="release"/>
    <property name="surefire.test.class.path" value="D:\atm-task\atm-task\target\test-classes;D:\atm-task\atm-task\target\classes;C:\Users\Dell\.m2\repository\org\junit\jupiter\junit-jupiter\5.6.2\junit-jupiter-5.6.2.jar;C:\Users\Dell\.m2\repository\org\junit\jupiter\junit-jupiter-api\5.6.2\junit-jupiter-api-5.6.2.jar;C:\Users\Dell\.m2\repository\org\opentest4j\opentest4j\1.2.0\opentest4j-1.2.0.jar;C:\Users\Dell\.m2\repository\org\junit\platform\junit-platform-commons\1.6.2\junit-platform-commons-1.6.2.jar;C:\Users\Dell\.m2\repository\org\junit\jupiter\junit-jupiter-params\5.6.2\junit-jupiter-params-5.6.2.jar;C:\Users\Dell\.m2\repository\org\junit\jupiter\junit-jupiter-engine\5.6.2\junit-jupiter-engine-5.6.2.jar;C:\Users\Dell\.m2\repository\org\junit\platform\junit-platform-engine\1.6.2\junit-platform-engine-1.6.2.jar;C:\Users\Dell\.m2\repository\junit\junit\4.12\junit-4.12.jar;C:\Users\Dell\.m2\repository\org\hamcrest\hamcrest-core\1.3\hamcrest-core-1.3.jar;C:\Users\Dell\.m2\repository\org\junit\platform\junit-platform-surefire-provider\1.1.0\junit-platform-surefire-provider-1.1.0.jar;C:\Users\Dell\.m2\repository\org\apiguardian\apiguardian-api\1.0.0\apiguardian-api-1.0.0.jar;C:\Users\Dell\.m2\repository\org\junit\platform\junit-platform-launcher\1.1.0\junit-platform-launcher-1.1.0.jar;C:\Users\Dell\.m2\repository\org\apache\maven\surefire\surefire-api\2.19.1\surefire-api-2.19.1.jar;C:\Users\Dell\.m2\repository\org\apache\maven\surefire\common-java5\2.19.1\common-java5-2.19.1.jar;"/>
    <property name="sun.cpu.endian" value="little"/>
    <property name="user.home" value="C:\Users\Dell"/>
    <property name="user.language" value="en"/>
    <property name="java.specification.vendor" value="Oracle Corporation"/>
    <property name="java.version.date" value="2021-04-20"/>
    <property name="java.home" value="C:\Users\Dell\.jdks\openjdk-16.0.1"/>
    <property name="file.separator" value="\"/>
    <property name="basedir" value="D:\atm-task\atm-task"/>
    <property name="java.vm.compressedOopsMode" value="Zero based"/>
    <property name="line.separator" value="&#10;"/>
    <property name="java.vm.specification.vendor" value="Oracle Corporation"/>
    <property name="java.specification.name" value="Java Platform API Specification"/>
    <property name="surefire.real.class.path" value="C:\Users\Dell\AppData\Local\Temp\surefire3417686473198216988\surefirebooter11092472844579550525.jar"/>
    <property name="user.script" value=""/>
    <property name="sun.management.compiler" value="HotSpot 64-Bit Tiered Compilers"/>
    <property name="java.runtime.version" value="16.0.1+9-24"/>
    <property name="user.name" value="Dell"/>
    <property name="path.separator" value=";"/>
    <property name="os.version" value="10.0"/>
    <property name="java.runtime.name" value="OpenJDK Runtime Environment"/>
    <property name="file.encoding" value="Cp1252"/>
    <property name="java.vm.name" value="OpenJDK 64-Bit Server VM"/>
    <property name="localRepository" value="C:\Users\Dell\.m2\repository"/>
    <property name="java.vendor.url.bug" value="https://bugreport.java.com/bugreport/"/>
    <property name="java.io.tmpdir" value="C:\Users\Dell\AppData\Local\Temp\"/>
    <property name="idea.version" value="2021.1.3"/>
    <property name="java.version" value="16.0.1"/>
    <property name="user.dir" value="D:\atm-task\atm-task"/>
    <property name="os.arch" value="amd64"/>
    <property name="java.vm.specification.name" value="Java Virtual Machine Specification"/>
    <property name="sun.os.patch.level" value=""/>
    <property name="java.library.path" value="C:\Users\Dell\.jdks\openjdk-16.0.1\bin;C:\Windows\Sun\Java\bin;C:\Windows\system32;C:\Windows;C:\Program Files\Common Files\Oracle\Java\javapath;C:\Windows\system32;C:\Windows;C:\Windows\System32\Wbem;C:\Windows\System32\WindowsPowerShell\v1.0\;C:\Windows\System32\OpenSSH\;C:\Program Files\Git\cmd;C:\Program Files\Java\jdk-11.0.11\bin;D:\apache-maven-3.8.1\bin;C:\Program Files\Docker\Docker\resources\bin;C:\ProgramData\DockerDesktop\version-bin;C:\Program Files\Oracle\VirtualBox;C:\Program Files\apache-maven-3.8.2\bin;C:\Users\Dell\AppData\Local\Microsoft\WindowsApps;;C:\Program Files\JetBrains\IntelliJ IDEA Community Edition 2021.1.3\bin;;."/>
    <property name="java.vm.info" value="mixed mode, sharing"/>
    <property name="java.vendor" value="Oracle Corporation"/>
    <property name="java.vm.version" value="16.0.1+9-24"/>
    <property name="sun.io.unicode.encoding" value="UnicodeLittle"/>
    <property name="java.class.version" value="60.0"/>
  </properties>
  <testcase name="givenAccountNumberThatDoesNotExist_whenWithdraw_thenShouldThrowException" classname="com.progressoft.induction.atm.ATMTest" time="0.06"/>
  <testcase name="givenAllFundsInAccountAreWithdrwan_whenWithdraw_shouldThrowException" classname="com.progressoft.induction.atm.ATMTest" time="0.018"/>
  <testcase name="whenWithdraw_thenSumOfReceivedBanknotesShouldEqualRequestedAmount" classname="com.progressoft.induction.atm.ATMTest" time="0.006"/>
  <testcase name="whenWithdrawAmountLargerThanWhatInMachine_thenShouldThrowException" classname="com.progressoft.induction.atm.ATMTest" time="0.007"/>
  <testcase name="givenValidAccountNumber_whenWithdrawAmountLargerThanTheAccountBalance_thenShouldThrowException" classname="com.progressoft.induction.atm.ATMTest" time="0"/>
</testsuite>